kayamut@technion.ac.il
zoharn@technion.ac.il
dality@technion.ac.il
ophiraa@technion.ac.il
cecile@technion.ac.il
naomib@technion.ac.il
yaela@technion.ac.il
diam@technion.ac.il
michalgal@Technion.ac.il
michalGal@Technion.ac.il
dality@dp.technion.ac.il
evpaa.officehead@technion.ac.il
visitors@tx.technion.ac.il
tgs-dean@technion.ac.il
ugDean@Technion.ac.il
dean@technion.ac.il
cedean@trdf.technion.ac.il
glainer@technion.ac.il
leah.k@technion.ac.il
Daniellel@technion.ac.il
kayellet@technion.ac.il
evelina@technion.ac.il
ostfeld@technion.ac.il
ipnina@technion.ac.il
AnnaD@technion.ac.il
VarditRT@technion.ac.il
einavfl@technion.ac.il
Manla@dp.technion.ac.il
yaellevy@technion.ac.il
sherry.i@technion.ac.il
rishum@technion.ac.il
MDHisunim@technion.ac.il.
-publicaffairs@technion.ac.il
youremail@gmail.com
alla.k@technion.ac.il
m4@technion.ac.il
cohenmaya@technion.ac.il
choffman@technion.ac.il
evpr@technion.ac.il
fainaa@technion.ac.il
jackie@technion.ac.il
evpr@dp.technion.ac.il
pazitkg@technion.ac.il
evpr.researchsec@technion.ac.il
sharonem@technion.ac.il
shirly.s@technion.ac.il
mirigo@technion.ac.il
asafb@tx.technion.ac.il
yifatd@cc.technion.ac.il
SenateSecretariat@cc.technion.ac.il
slaurie@technion.ac.il
whatwg-fetch@3.0.0
core-js-bundle@3.2.1
requirejs-bolt@2.3.6
8b4e078a51d04e0e9efdf470027f0ec1@sentry.wixpress.com
info@firstisrael.org.il
lrivka@technion.ac.il
eliyau.m@fibi.co.il
rons@technion.ac.il
amsalemm@technion.ac.il
shimshi.a@fibi.co.il
ovdim@technion.ac.il
trreve@technion.ac.il
sportcenter@technion.ac.il
avias@technion.ac.il
gur.s@fibi.co.il
wp@technion.ac.il
lmontag@technion.ac.il
yehudat@technion.ac.il
janet@technion.ac.il
mauricer@technion.ac.il
lubab@technion.ac.il
hagith@technion.ac.il
cory.s@technion.ac.il
shelleys@technion.ac.il
tasp.seminars@gmail.com
03gc4ms7evm819hmp9rl5ns4oc@group.calendar.google.com
solidstate.seminar@gmail.com
technion.physics.events@gmail.com
a456vt8fmeo05al1oi06hbujd4@group.calendar.google.com
lokeycenter@gmail.com
rcos0e8fptluvrekr2nr560578@group.calendar.google.com
seminars-l@listserv.technion.ac.il
seminararchitecture@gmail.com
qpft9ui4lp2skvoqos15qa1cco@group.calendar.google.com
7ges9hq7au7qsi9j3l7bqhpmss@group.calendar.google.com
materials.seminar@gmail.com
09q32gca3kstdeji1eq5fsaqpo@group.calendar.google.com
ubdpjf6un36d0gd197ijchm4os@group.calendar.google.com
d580okcs9c86qibgac5jrg9ck0@group.calendar.google.com
asat.org.il_304ikagthcbq84qld2t0r56m00@group.calendar.google.com
rj7l3u4h9sc5kv9msj517e4qkk@group.calendar.google.com
seminars.biology@gmail.com
u3ojknk2q77o0kfidl6eif3jup29qh1q@import.calendar.google.com
8ao6avo33jabd2r8lairtofuls@group.calendar.google.com
jiihhi6bgqjsgoeoqorqcfm3jmujjo0l@import.calendar.google.com
fs6egbt8q97ieepukbiguo3a0g@group.calendar.google.com
ipkg25dvlhek7tn5s8kshcrv6s@group.calendar.google.com
11d8316c8e1usl29k5djk87i4g@group.calendar.google.com
b9ctc9ku4mjopa32s0u6df6kes@group.calendar.google.com
o5p68rgomup2l06jh3pdgs5750@group.calendar.google.com
rank2pcits0l4n86fo9hpoaklg@group.calendar.google.com
biomedical.seminars@gmail.com
calendar@tx.technion.ac.il
qr2gt87fhfl1ekuvubotc474bs@group.calendar.google.com
vh0tpie6aeac85misd29igt404@group.calendar.google.com
eeseminars@gmail.com
u37ipej7jfgdkh6mlkp4rainfk@group.calendar.google.com
2kr700aauqljcj68mebbf0n4kc@group.calendar.google.com
technion.marketing@gmail.com
87m4lsr50ti1v66jfrgu69faj8@group.calendar.google.com
dftn0iq6m2dp0obu0p0ggfu0mc@group.calendar.google.com
pukm9uereju86pq3un7t6ph8lo@group.calendar.google.com
gngtfsg2p6v58pdohsrbo16pao@group.calendar.google.com
9bqtgukrc1qu4o1shlhrmlp1fk@group.calendar.google.com
mathematics.seminars@gmail.com
2v4fgsbv3bjguvorp7b6pssgdc@group.calendar.google.com
401kilh56v1im0guol1opmaub0@group.calendar.google.com
bfetech100@gmail.com
kf11gjtq55bbvofp7mo4sa8um4@group.calendar.google.com
tqqse0l92chtj7f3jtv56qlhho@group.calendar.google.com
facultymedevents@gmail.com
chtechnion1@gmail.com
cqb0bro0tol6ta4jg4ksdthog8@group.calendar.google.com
c8t2j1nqvrdjnto21q9au2413k@group.calendar.google.com
innovation@technion.ac.il
naomib@dp.technion.ac.il
sankamsec@dp.technion.ac.il
sdoron@technion.ac.il
AvitalNS@technion.ac.il
vperrd@technion.ac.il
sabrinal@dp.technion.ac.il
Public@technion.ac.il
lubab@dp.technion.ac.il
vperrd@dp.technion.ac.il
nirs@technion.ac.il
gili@bf-law.co.il
rachelb@bf-law.co.il
itay.k@technion.ac.il
reflib@technion.ac.il
riflib@technion.ac.il
zeevi@ee.technion.ac.il
iyeldad@tx.technion.ac.il
lesmesu@technion.ac.il
yaelpb@tx.technion.ac.il
cyber@technion.ac.il
dweihs@tx.technion.ac.il
rkishony@technion.ac.il
yifatn@technion.ac.il
levyy@technion.ac.il
itzikf@technion.ac.il
mersm01@tx.technion.ac.il
shamayas@tx.technion.ac.il
e.gottlieb@technion.ac.il
alona@technion.ac.il
nir@ee.technion.ac.il
yossiba@technion.ac.il
gad@ee.technion.ac.il
yaelmg@tx.technion.ac.il
roseny@tx.technion.ac.il
shimkin@ee.technion.ac.il
toledo@technion.ac.il
apeloig@technion.ac.il
asprecher@technion.ac.il
quantum@technion.ac.il
shie@ee.technion.ac.il
aaroncie@technion.ac.il
yeldad@tx.technion.ac.il
nagel@technion.ac.il
merittel@tx.technion.ac.il
reiter@technion.ac.il
pgurfil@technion.ac.il
nimrod@tx.technion.ac.il
admon@tx.technion.ac.il
bron@cs.technion.ac.il
amitayz@technion.ac.il
cersbsb@technion.ac.il
eventzur@tx.technion.ac.il
tsur@technion.ac.il
yjdori@technion.ac.il
rona@tx.technion.ac.il
eineli@technion.ac.il
izi@technion.ac.il
yshaked@technion.ac.il
ran@ee.technion.ac.il
bcukurel@technion.ac.il
rosenson@tx.technion.ac.il
afurman@technion.ac.il
shenker@technion.ac.il
duvshani@tx.technion.ac.il
dg@physics.technion.ac.il
dbroday@tx.technion.ac.il
shulamit@bm.technion.ac.il
erev@tx.technion.ac.il
dang@cs.technion.ac.il
ch.dean@technion.ac.il
dcarmel@ie.technion.ac.il
e_eisenberg@rambam.health.gov.il
sbekhor@technion.ac.il
yasha@technion.ac.il
eedean@ee.technion.ac.il
behar@physics.technion.ac.il
edudean@technion.ac.il
cedean@technion.ac.il
mathchr@technion.ac.il
huelev@technion.ac.il
machlufm@technion.ac.il
ovgend@technion.ac.il
someone@example.com
username@technion.ac.il
camachoj@mit.edu
kafka@mit.edu
nimrodtechnion@gmail.com
avia@tx.technion.ac.il
galits@technion.ac.il
michalb@trdf.technion.ac.il
l_bentur@rambam.health.gov.il
secyor@asat.technion.ac.il
rotemb@trdf.technion.ac.il
carmon@technion.ac.il
liatre@technion.ac.il
shoshic@technion.ac.il
yardenam@technion.ac.il
lyael@technion.ac.il
eyalg@technion.ac.il
irenafi@technion.ac.il
tovi@technion.ac.il
Sachar@technion.ac.il
SagiR@technion.ac.il
hafner@technion.ac.il
daniela@technion.ac.il
adlere@technion.ac.il
gimlaim@technion.ac.il
vleah@technion.ac.il
omerzu@technion.ac.il
dsvp@technion.ac.il
vleah@tx.technion.ac.il
idish@ee.technion.ac.il
svpr@technion.ac.il
michalf@cc.technion.ac.il
michalfi@technion.ac.il
bmiriam@technion.ac.il
hhossam@technion.ac.il
excellen@technion.ac.il
excellen@tx.technion.ac.il
iritg@technion.ac.il
milgaonline@technion.ac.il
efratr@technion.ac.il
chgalit@ch.technion.ac.il
dinad@technion.ac.il
liatpresman@ch.technion.ac.il
Savitalg@gmail.com
public@technion.ac.il
SDoron@technion.ac.il
Nirs@technion.ac.il
GLainer@technion.ac.il
student@campus.technion.ac.il
someone@technion.ac.il
employee@technion.ac.il
sport@asat.technion.ac.il
luna@technion.ac.il
CS.Marketing@trdf.technion.ac.il
Bogrim@Alumni.Technion.ac.il
help@alumni.technion.ac.il
support@daronet.com
y_health@yedidim.co.il
kayellet@tx.technion.ac.il
postdocs@int.technion.ac.il
Social@int.technion.ac.il
yeshhaim.technion@gmail.com
n@materials.technion
n@technion.israel
n@vaadmed.technion
bbgalit@technion.ac.il
schar_limud@dp.technion.ac.il
meir1@technion.ac.il
dfus@technion.ac.il
dfustech@technion.ac.il
hatamot@technion.ac.il
miriamk@technion.ac.il
Miri.b@technion.ac.il
ugsec@technion.ac.il
galitl@technion.ac.il
mathstd@technion.ac.il
username@campus.technion.ac.il
laniado@technion.ac.il
yifatf@technion.ac.il
roy@cs.technion.ac.il
mamane@technion.ac.il
evpdg@technion.ac.il
noaa@technion.ac.il
elhanan@technion.ac.il
dganits@technion.ac.il
mina@technion.ac.il
yaelst@technion.ac.il
arielh@technion.ac.il
eyaly@technion.ac.il
pasak@technion.ac.il
hofesh-hamida@dp.technion.ac.il
mhelman@univ.haifa.ac.il
tmalul@univ.haifa.ac.il
rector@univ.haifa.ac.il
dhonigsma@univ.haifa.ac.il
osteiner@univ.haifa.ac.il
hshestazk@univ.haifa.ac.il
arichman@univ.haifa.ac.il
owinkler@univ.haifa.ac.il
lavidan@univ.haifa.ac.il
oanat@univ.haifa.ac.il
dnahum@univ.haifa.ac.i
lraybi@univ.haifa.ac.il
rdjanshvi@univ.haifa.ac.il
akubani@staff.haifa.ac.il
ehayki@univ.haifa.ac.il
marnina@univ.haifa.ac.il
AMT-Fee-Department@univ.haifa.ac.il
zzeevi@univ.haifa.ac.il
amoshkatel@univ.haifa.ac.i
yrabinov1@univ.haifa.ac.il
amoshkatel@univ.haifa.ac.il
dnahum@univ.haifa.ac.il
dharris@univ.haifa.ac.il
mmaoz@univ.haifa.ac.il
journalpermissions@springernature.com
bddad754e8264fc7b4d73878b697b599@sentry.i-ris.io
rdori@staff.haifa.ac.il
graduate@research.haifa.ac.il
20skayam@univ.haifa.ac.il
mcarme@univ.haifa.ac.il
resauth@univ.haifa.ac.il
Lrozenber@univ.haifa.ac.il
jennyk@psy.haifa.ac.il
narie@univ.haifa.ac.il
mador10@univ.haifa.ac.il
infograd@univ.haifa.ac.il
infoint@univ.haifa.ac.il
rnehama@univ.haifa.ac.il
rlubi@univ.haifa.ac.il
yharel@univ.haifa.ac.il
undergraduate@univ.haifa.ac.il
mbarki@univ.haifa.ac.il
esaleh1@univ.haifa.ac.il
rcahano1@univ.haifa.ac.il
odagan@univ.haifa.ac.il
lmussay@univ.haifa.ac.il
skiril@univ.haifa.ac.il
lnachm@univ.haifa.ac.il
apolak@univ.haifa.ac.il
undergraduate@univ.haifa.ac...
natalia1@univ.haifa.ac.il
eeti@univ.haifa.ac.il
nwahbi@univ.haifa.ac.il
graduate@univ.haifa.ac.il
Carmel@univ.haifa.ac.il
carmel@univ.haifa.ac.il
rkaverm1@univ.haifa.ac.il
Alumni@univ.haifa.ac.il
davidg@univ.haifa.ac.il
bogchairman@univ.haifa.ac.il
20haifaup@univ.haifa.ac.il
haifaup@univ.haifa.ac.il
vsirota@univ.haifa.ac.il
eehrnberg@univ.haifa.ac.il
mkadosh@univ.haifa.ac.il
zohare@research.haifa.ac.il
ifessler@univ.haifa.ac.il
anatdz@research.haifa.ac.il
aabbas@univ.haifa.ac.il
sliper@univ.haifa.ac.il
bary@edu.haifa.ac.il
kidumho@univ.haifa.ac.il
Consult-center@univ.haifa.ac.il
Ext-studies@univ.haifa.ac.il
Tiful1@univ.haifa.ac.il
Tiful2@univ.haifa.ac.il
helpdesk@univ.haifa.ac.il
bbaruch@staff.haifa.ac.il
testy@research.haifa.ac.il
hkhaifau@gmail.com
sbriman@univ.haifa.ac.il
uh-president@univ.haifa.ac.il
phonebook@univ.haifa.ac.il
hechtmus@univ.haifa.ac.il
hawad@univ.haifa.ac.il
dover@univ.haifa.ac.il
dchelouche@univ.haifa.ac.il
pitzyron@research.haifa.ac.il
areichman@univ.haifa.ac.il
sshamay-t@univ.haifa.ac.il
sheizaf@rafaeli.net
ggambash@univ.haifa.ac.il
assafyasur@hotmail.com
zrosenb1@univ.haifa.ac.il
rbenari@univ.haifa.ac.il
mpeleg1@univ.haifa.ac.il
adistelfe@univ.haifa.ac.il
