https://www.technion.ac.il/
https://www.technion.ac.il/%d7%94%d7%a0%d7%97%d7%99%d7%95%d7%aa-%d7%91%d7%93%d7%91%d7%a8-%d7%97%d7%95%d7%a7-%d7%97%d7%95%d7%a4%d7%a9-%d7%94%d7%9e%d7%99%d7%93%d7%a2/
https://www.technion.ac.il/%d7%9e%d7%91%d7%a0%d7%94-%d7%90%d7%a8%d7%92%d7%95%d7%a0%d7%99-3/
http://its.technion.ac.il/
http://dean.web.technion.ac.il/?
http://pasak.technion.ac.il/
http://moodle.technion.ac.il/
https://ugportal.net.technion.ac.il/%d7%a7%d7%98%d7%9c%d7%95%d7%92-%d7%9c%d7%99%d7%9e%d7%95%d7%93%d7%99%d7%9d-%d7%a9%d7%a0%d7%94-%d7%a0%d7%95%d7%9b%d7%97%d7%99%d7%aa/
http://global.mit.edu/about
http://arabic.net.technion.ac.il
http://mishne.net.technion.ac.il/%d7%90%d7%92%d7%a3-%d7%97%d7%a9%d7%91%d7%95%d7%aa/
http://manlam.net.technion.ac.il/en/equipment-facilities-for-research/research-equipment/
https://guangdong.net.technion.ac.il/
https://senatesecretariat.net.technion.ac.il/%D7%9C%D7%95%D7%97%D7%95%D7%AA-%D7%A9%D7%A0%D7%94-%D7%90%D7%A7%D7%93%D7%9E%D7%99%D7%99%D7%9D/
https://slimud.web.technion.ac.il
https://www.firstisrael.org.il/
https://www.technion.ac.il/%D7%94%D7%A0%D7%94%D7%9C%D7%94-%D7%91%D7%9B%D7%99%D7%A8%D7%94/
https://pollak.net.technion.ac.il
https://operation.net.technion.ac.il/
http://outlook.technion.ac.il
https://www.technion.ac.il/%D7%9E%D7%99%D7%93%D7%A2-%D7%97%D7%99%D7%A8%D7%95%D7%9D/
https://www.technion.ac.il/2020/04/%d7%a0%d7%99%d7%98%d7%95%d7%a8-%d7%9e%d7%93%d7%93%d7%99-%d7%97%d7%95%d7%9c%d7%99%d7%9d-%d7%9e%d7%a8%d7%97%d7%95%d7%a7/
https://www.technion.ac.il/2020/03/%d7%94%d7%90%d7%9e%d7%95%d7%9f-%d7%91%d7%a2%d7%99%d7%a0%d7%99-%d7%94%d7%9e%d7%aa%d7%91%d7%95%d7%a0%d7%9f/
https://www.technion.ac.il/%d7%93%d7%a8%d7%9b%d7%99-%d7%94%d7%92%d7%a2%d7%94/
https://www.technion.ac.il/%d7%9e%d7%97%d7%a7%d7%a8-%d7%91%d7%a4%d7%a7%d7%95%d7%9c%d7%98%d7%95%d7%aa/
https://www.technion.ac.il/2020/03/%d7%a9%d7%99%d7%a2%d7%95%d7%a8%d7%99-%d7%91%d7%99%d7%aa/
https://tech.cornell.edu/jacobs-technion-cornell-institute/overview
http://osh.net.technion.ac.il/
https://techlead.technion.ac.il/1degreerishum/
https://www.technion.ac.il/%d7%93%d7%99%d7%a7%d7%a0%d7%99-%d7%a4%d7%a7%d7%95%d7%9c%d7%98%d7%95%d7%aa-%d7%94%d7%98%d7%9b%d7%a0%d7%99%d7%95%d7%9f/
http://int.technion.ac.il/academic-programs/graduate/post-doctoral-fellows
http://mishne.net.technion.ac.il/
https://twitter.com/TechnionLive
https://techwww.technion.ac.il/cgi-bin/newuser/newuser.pl?Language=HEBREW
http://int.technion.ac.il/
https://www.technion.ac.il/%d7%93%d7%95%d7%97_%d7%a0%d7%a9%d7%99%d7%90/
https://www.instagram.com/technion.israel/
https://tso.net.technion.ac.il
http://www.dmag.co.il/pub/technion/tmag.html
http://aid.web.technion.ac.il/?
https://www.technion.ac.il/%d7%99%d7%99%d7%a2%d7%95%d7%a5-%d7%9e%d7%a9%d7%a4%d7%98%d7%99/
https://www.technion.ac.il/%d7%a1%d7%99%d7%95%d7%a8-%d7%91%d7%98%d7%9b%d7%a0%d7%99%d7%95%d7%9f-%d7%91%d7%a2%d7%96%d7%a8%d7%aa-google-street-view/
http://www.perach.org.il/
https://www.technion.ac.il/2020/02/%d7%9b%d7%a0%d7%a1-%d7%9e%d7%99%d7%a7%d7%a8%d7%95-%d7%a9%d7%97%d7%99%d7%99%d7%a0%d7%99%d7%9d-%d7%95%d7%a8%d7%95%d7%91%d7%95%d7%98%d7%99%d7%a7%d7%94-%d7%a8%d7%9b%d7%94/
https://tender-logistics.web3.technion.ac.il
http://hr.technion.ac.il/
http://aid.web.technion.ac.il/horut/
http://accessibility.net.technion.ac.il/
https://admissions.technion.ac.il/register
https://marketing.technion.ac.il/he/
http://architecture.technion.ac.il
https://www.technion.ac.il/2020/03/%d7%94%d7%9e%d7%93%d7%a2-%d7%a9%d7%9e%d7%90%d7%97%d7%95%d7%a8%d7%99-%d7%a0%d7%92%d7%99%d7%a3-%d7%94%d7%a7%d7%95%d7%a8%d7%95%d7%a0%d7%94/
https://www.technion.ac.il/%D7%9E%D7%A0%D7%99%D7%A2%D7%AA-%D7%94%D7%98%D7%A8%D7%93%D7%94-%D7%9E%D7%99%D7%A0%D7%99%D7%AA-%D7%91%D7%98%D7%9B%D7%A0%D7%99%D7%95%D7%9F/
https://emergency.technion.ac.il/
https://graduate.technion.ac.il/registration/
https://www.technion.ac.il/%d7%93%d7%95%d7%97%d7%95%d7%aa-%d7%9b%d7%a1%d7%a4%d7%99%d7%99%d7%9d/
https://noam-math.net.technion.ac.il/
http://mts.net.technion.ac.il/
http://ziud.net.technion.ac.il/
https://www.technion.ac.il/2020/03/%d7%a4%d7%a8%d7%a1-%d7%a7%d7%a8%d7%99%d7%9c-%d7%9c%d7%93%d7%a8-%d7%aa%d7%95%d7%9e%d7%a8-%d7%9e%d7%99%d7%9b%d7%90%d7%9c%d7%99-%d7%95%d7%9c%d7%93%d7%a8-%d7%99%d7%95%d7%91%d7%9c-%d7%a4%d7%99%d7%9c/
https://www.aisrael.org
http://www.trdf.co.il/
http://library.technion.ac.il/he
https://www.technion.ac.il/%D7%A6%D7%95%D7%A8-%D7%A7%D7%A9%D7%A8/
https://www.technion.ac.il/2020/03/%d7%94%d7%94%d7%a8%d7%a9%d7%9e%d7%94-%d7%9c%d7%aa%d7%95%d7%90%d7%a8-%d7%a8%d7%90%d7%a9%d7%95%d7%9f-%d7%a0%d7%9e%d7%a9%d7%9b%d7%aa/
https://mooctech.net.technion.ac.il
https://ohelaharon.net.technion.ac.il
http://video.technion.ac.il/
http://safety.net.technion.ac.il/
https://www.asatechnion.co.il/mahol.html
https://www.technion.ac.il/%d7%97%d7%96%d7%95%d7%9f-%d7%94%d7%98%d7%9b%d7%a0%d7%99%d7%95%d7%9f/
https://www.technion.ac.il/%d7%aa%d7%a7%d7%a9%d7%95%d7%a8%d7%aa-%d7%95%d7%a7%d7%a9%d7%a8%d7%99-%d7%97%d7%95%d7%a5/
https://www.technion.ac.il/%d7%94%d7%97%d7%99%d7%99%d7%9d-%d7%91%d7%a7%d7%9e%d7%a4%d7%95%d7%a1-%d7%94%d7%98%d7%9b%d7%a0%d7%99%d7%95%d7%9f/
https://gimlaim.technion.ac.il
http://www.dmag.co.il/pub/technion/100/index.html
https://www.technion.ac.il/%d7%9e%d7%a9%d7%a0%d7%94-%d7%9c%d7%a0%d7%a9%d7%99%d7%90-%d7%9c%d7%9e%d7%97%d7%a7%d7%a8/
http://innovation.technion.ac.il/
http://cssite.technion.ac.il/
http://m4.technion.ac.il/
https://www.technion.ac.il/en/home-2/
https://www.technion.ac.il/2020/03/%d7%94%d7%98%d7%9b%d7%a0%d7%99%d7%95%d7%9f-%d7%a4%d7%95%d7%aa%d7%97-%d7%a1%d7%9e%d7%a1%d7%98%d7%a8-%d7%91%d7%9e%d7%aa%d7%9b%d7%95%d7%a0%d7%aa-%d7%a9%d7%9c-%d7%94%d7%95%d7%a8%d7%90%d7%94-%d7%95%d7%9c/
https://chemistry.technion.ac.il/%D7%A4%D7%A8%D7%95%D7%99%D7%99%D7%A7%D7%98-%D7%90%D7%A8%D7%9B%D7%99%D7%9E%D7%93%D7%A1/?lang=he
https://www.technion.ac.il/2019/11/%d7%9e%d7%92%d7%96%d7%99%d7%9f-%d7%94%d7%98%d7%9b%d7%a0%d7%99%d7%95%d7%9f/
https://www.technion.ac.il/%D7%A8%D7%A9%D7%99%D7%9E%D7%AA-%D7%94%D7%A4%D7%A7%D7%95%D7%9C%D7%98%D7%95%D7%AA-2/
http://helpdesk.technion.ac.il
https://www.technion.ac.il/%d7%93%d7%91%d7%a8_%d7%94%d7%a0%d7%a9%d7%99%d7%90/
http://multimedia.net.technion.ac.il/
http://multimedia.net.technion.ac.il
https://research.technion.ac.il/
http://ovdim.technion.ac.il/
http://mechina.technion.ac.il
http://dean.web.technion.ac.il/
https://www.youtube.com/user/Technion
https://payment.web.technion.ac.il/ug-certificte/
https://www.technion.ac.il/%d7%93%d7%99%d7%a7%d7%a0%d7%99%d7%9d-%d7%9b%d7%9c%d7%9c-%d7%98%d7%9b%d7%a0%d7%99%d7%95%d7%a0%d7%99%d7%99%d7%9d-2/
https://portal.technion.ac.il/irj/portal
https://www.technion.ac.il/%d7%a7%d7%a9%d7%a8%d7%99-%d7%a6%d7%99%d7%91%d7%95%d7%a8-%d7%95%d7%a4%d7%99%d7%aa%d7%95%d7%97-%d7%9e%d7%a9%d7%90%d7%91%d7%99%d7%9d/
https://www.technion.ac.il/2020/04/%d7%9c%d7%95%d7%9e%d7%93%d7%99%d7%9d-%d7%95%d7%a0%d7%a8%d7%aa%d7%9e%d7%99%d7%9d/
http://t3.trdf.co.il
http://cis.technion.ac.il/
https://www.technion.ac.il/2020/04/%d7%9e%d7%a2%d7%a8%d7%9b%d7%aa-%d7%94%d7%94%d7%a9%d7%9b%d7%9c%d7%94-%d7%94%d7%92%d7%91%d7%95%d7%94%d7%94-%d7%91%d7%a6%d7%9c-%d7%94%d7%a7%d7%95%d7%a8%d7%95%d7%a0%d7%94/
https://he-il.facebook.com/%D7%94%D7%92%D7%9F-%D7%94%D7%90%D7%A7%D7%95%D7%9C%D7%95%D7%92%D7%99-%D7%91%D7%98%D7%9B%D7%A0%D7%99%D7%95%D7%9F-ecotechnion-1453535971562094/
https://michrazim.technion.ac.il
https://cis.technion.ac.il
http://mishne.net.technion.ac.il/%D7%98%D7%A4%D7%A1%D7%99%D7%9D/
https://www.technion.ac.il/2020/03/%d7%a1%d7%98%d7%95%d7%93%d7%a0%d7%98%d7%99%d7%9d-%d7%91%d7%98%d7%9b%d7%a0%d7%99%d7%95%d7%9f-%d7%9e%d7%aa%d7%a0%d7%93%d7%91%d7%99%d7%9d-%d7%9b%d7%97%d7%9c%d7%a7-%d7%9e%d7%94%d7%9e%d7%90%d7%91%d7%a7/
http://www.asat.org.il/
https://www.technion.ac.il/%d7%9e%d7%a9%d7%a0%d7%94_%d7%91%d7%9b%d7%99%d7%a8_%d7%9c%d7%a0%d7%a9%d7%99%d7%90/
https://mooctech.net.technion.ac.il/
http://senatesecretariat.net.technion.ac.il/
https://eepurl.com/gW_oOL
https://dean.web.technion.ac.il/%D7%A7%D7%9E%D7%A4%D7%95%D7%A1-%D7%AA%D7%95%D7%A1%D7%A1/
http://www.technion-alumni.org/
https://www.technion.ac.il/%d7%94%d7%98%d7%9b%d7%a0%d7%99%d7%95%d7%9f-%d7%90%d7%aa%d7%a8-%d7%94%d7%a0%d7%a6%d7%97%d7%94/
https://www.technion.ac.il/%d7%9e%d7%a9%d7%a0%d7%94-%d7%9c%d7%a0%d7%a9%d7%99%d7%90-%d7%9c%d7%a2%d7%a0%d7%99%d7%99%d7%a0%d7%99%d7%9d-%d7%90%d7%a7%d7%93%d7%9e%d7%99%d7%99%d7%9d/
https://technion-gis.maps.arcgis.com/apps/webappviewer/index.html?id=72616ffb2c4f43a08d271d3af9c7d210&locale=he
http://www.sport-tc.com/index.php?m_id=3&if_link=0
http://www.admin.technion.ac.il/dpcalendar/
http://promoteach.net.technion.ac.il
https://women.technion.ac.il/
http://osh.net.technion.ac.il
https://graduate.technion.ac.il/registration
https://admissions.technion.ac.il
http://segel.net.technion.ac.il/he/
http://manlam.net.technion.ac.il/
https://www.technion.ac.il/%D7%A1%D7%9E%D7%99%D7%A0%D7%A8%D7%99%D7%9D/
https://www.technion.ac.il/2020/04/%d7%a1%d7%98%d7%99%d7%99%d7%a7-%d7%9c%d7%9c%d7%90-%d7%a9%d7%97%d7%99%d7%98%d7%94/
https://www.technion.ac.il/%d7%a4%d7%99%d7%aa%d7%95%d7%97-%d7%9e%d7%a9%d7%90%d7%91%d7%99%d7%9d/
https://www.technion.ac.il/category/archive/
https://www.technion.ac.il/?p=18332
https://www.technion.ac.il/%d7%9e%d7%a9%d7%a0%d7%94-%d7%9c%d7%a0%d7%a9%d7%99%d7%90-%d7%95%d7%9e%d7%a0%d7%9b%d7%9c/
https://www.technion.ac.il/%d7%97%d7%9b%d7%9e%d7%aa-%d7%94%d7%98%d7%9b%d7%a0%d7%99%d7%95%d7%9f-%d7%9c%d7%94%d7%95%d7%a8%d7%93%d7%94/
http://theatre.net.technion.ac.il/he/
http://www.madatech.org.il/Pages/Index.aspx
http://manlam.net.technion.ac.il/en/infrastructure-centers/
https://www.technion.ac.il/en/visitors-center/
https://sustainability.technion.ac.il/%D7%9E%D7%A2%D7%A8%D7%9B%D7%99-%D7%94%D7%A1%D7%A2%D7%95%D7%AA-%D7%91%D7%98%D7%9B%D7%A0%D7%99%D7%95%D7%9F/
https://dfus.net.technion.ac.il/
http://rechesh.net.technion.ac.il/
http://dorms.web.technion.ac.il
http://socialhub.technion.ac.il
https://www.technion.ac.il/2020/03/%d7%9e%d7%aa%d7%92%d7%99%d7%99%d7%a1%d7%99%d7%9d-%d7%9c%d7%9e%d7%9c%d7%97%d7%9e%d7%94-%d7%91%d7%94%d7%aa%d7%a4%d7%a9%d7%98%d7%95%d7%aa-%d7%a0%d7%92%d7%99%d7%a3-%d7%94%d7%a7%d7%95%d7%a8%d7%95%d7%a0/
https://www.technion.ac.il/%d7%a8%d7%a9%d7%99%d7%9e%d7%aa-%d7%94%d7%a4%d7%a7%d7%95%d7%9c%d7%98%d7%95%d7%aa-2/
http://www.flipsnack.com/technion/fdzmep39r.html?b=1&p=1
https://ugportal.technion.ac.il
https://izi.travel/en/browse/21aba96f-4d30-4e3e-8374-b0b4097d4c4c?passcode=vxcdar#tour_details_first
https://www.technion.ac.il/%d7%a0%d7%95%d7%a4%d7%99-%d7%9e%d7%a2%d7%91%d7%93%d7%94-%d7%9c%d7%94%d7%95%d7%a8%d7%93%d7%94/
http://career.web.technion.ac.il/
https://www.technion.ac.il/%d7%9e%d7%9b%d7%95%d7%a0%d7%99%d7%9d-%d7%95%d7%9e%d7%a8%d7%9b%d7%96%d7%99-%d7%9e%d7%97%d7%a7%d7%a8/
http://cis.technion.ac.il/sap/sap-matmon
https://www.facebook.com/Technion.Israel
http://biztec.org.il/
https://senatesecretariat.net.technion.ac.il/%d7%9c%d7%95%d7%97%d7%95%d7%aa-%d7%a9%d7%a0%d7%94-%d7%90%d7%a7%d7%93%d7%9e%d7%99%d7%99%d7%9d/
https://www.technion-alumni.org/jobs
http://yanai.net.technion.ac.il/
https://www.technion.ac.il/en/technion-advancement/
http://www.segeltechnion.org.il
https://www.technion.ac.il/2020/03/%d7%9e%d7%90%d7%99%d7%94-%d7%aa%d7%92%d7%9f-%d7%a2%d7%9c-%d7%94%d7%a6%d7%95%d7%95%d7%aa%d7%99%d7%9d-%d7%94%d7%a8%d7%a4%d7%95%d7%90%d7%99%d7%99%d7%9d-%d7%91%d7%91%d7%aa%d7%99-%d7%94%d7%97%d7%95/
http://cis.technion.ac.il/support/
http://bitahon.technion.ac.il/
https://www.facebook.com/Technion.Israel/videos/222617735726871
https://www.technion.ac.il/2020/03/%d7%94%d7%9e%d7%90%d7%9e%d7%a5-%d7%9c%d7%94%d7%a8%d7%97%d7%91%d7%aa-%d7%94%d7%91%d7%93%d7%99%d7%a7%d7%95%d7%aa-%d7%9c%d7%a7%d7%95%d7%a8%d7%95%d7%a0%d7%94/
https://sustainability.technion.ac.il
https://chimiada.technion.ac.il/
https://www.technion.ac.il/%d7%94%d7%98%d7%9b%d7%a0%d7%99%d7%95%d7%9f-%d7%94%d7%95%d7%95%d7%a2%d7%93-%d7%94%d7%9e%d7%a0%d7%94%d7%9c/
https://cont-edu.technion.ac.il
https://www.technion.ac.il/en/board-of-governors/
http://www.asat.org.il
https://www.technion.ac.il/%d7%94%d7%99%d7%a1%d7%98%d7%95%d7%a8%d7%99%d7%99%d7%aa-%d7%94%d7%98%d7%9b%d7%a0%d7%99%d7%95%d7%9f/
https://noar.technion.ac.il
http://www.haifahaifa.co.il
https://office.com
http://abat.net.technion.ac.il/
https://www.technion.ac.il/%d7%90%d7%99%d7%a8%d7%95%d7%97-%d7%95%d7%90%d7%99%d7%a8%d7%95%d7%a2%d7%99%d7%9d/
http://www.admin.technion.ac.il/telbook/
https://graduate.technion.ac.il
http://hr.web.technion.ac.il/positions/
http://dorms.web.technion.ac.il/
https://www.technion.ac.il/%d7%a1%d7%92%d7%9f-%d7%a0%d7%a9%d7%99%d7%90-%d7%9c%d7%a7%d7%a9%d7%a8%d7%99-%d7%97%d7%95%d7%a5-%d7%95%d7%a4%d7%99%d7%aa%d7%95%d7%97-%d7%9e%d7%a9%d7%90%d7%91%d7%99%d7%9d/
https://www.technion.ac.il/?p=12651
http://harveypz.net.technion.ac.il/
https://www.technion.ac.il/%d7%94%d7%a0%d7%94%d7%9c%d7%94-%d7%91%d7%9b%d7%99%d7%a8%d7%94/
https://library.technion.ac.il/he/services/historical-archive
http://mishne.net.technion.ac.il/%d7%9e%d7%97%d7%9c%d7%a7%d7%aa-%d7%a9%d7%9b%d7%a8/
http://mevaker.net.technion.ac.il/
http://excellence.technion.ac.il/
https://www.technion.ac.il/en/organizational-structure-2/
https://www.technion.ac.il
http://aid.web.technion.ac.il
